[GIN-debug] [WARNING] Running in "debug" mode. Switch to "release" mode in production.
 - using env:	export GIN_MODE=release
 - using code:	gin.SetMode(gin.ReleaseMode)

[GIN-debug] GET    /assets/*filepath         --> github.com/gin-gonic/gin.(*RouterGroup).createStaticHandler.func1 (3 handlers)
[GIN-debug] HEAD   /assets/*filepath         --> github.com/gin-gonic/gin.(*RouterGroup).createStaticHandler.func1 (3 handlers)
[GIN-debug] GET    /favicon.ico              --> github.com/gin-gonic/gin.(*RouterGroup).StaticFile.func1 (3 handlers)
[GIN-debug] HEAD   /favicon.ico              --> github.com/gin-gonic/gin.(*RouterGroup).StaticFile.func1 (3 handlers)
[GIN-debug] GET    /                         --> wyu/app/server/http/controllers.(*Index).Index-fm (4 handlers)
[GIN-debug] GET    /tests                    --> wyu/app/server/http/controllers.(*Index).Tests-fm (4 handlers)
[GIN-debug] GET    /htmls                    --> wyu/app/server/http/controllers.(*Index).Htmls-fm (4 handlers)
[GIN-debug] GET    /cache                    --> wyu/app/server/http/controllers.(*Index).Cache-fm (4 handlers)
[GIN-debug] GET    /apis/tests               --> wyu/app/server/apis/controllers.(*Api).Tests-fm (3 handlers)
[GIN-debug] Listening and serving HTTP on :8887

---------------------------------------------------------------------------------------------------
请求地址 » 127.0.0.1 » 2020-01-19 14:04:35
请求方式 » GET » HTTP/1.1 » /testsd 
请求头部 » Mozilla/5.0 (Macintosh; Intel Mac OS X 10_15_2) AppleWebKit/537.36 (KHTML, like Gecko) Chrome/79.0.3945.117 Safari/537.36
请求状态 » 404
请求耗时 » 72.65µs
错误内容 » 无错误提示
---------------------------------------------------------------------------------------------------
